<?xml version="1.0" encoding="UTF-8" ?>
<testsuite failures="0" time="0.136" errors="1" skipped="0" tests="1" name="org.projekt.multimediaplayer.test.persistence.ScheduleTest">
  <properties>
[...]
</properties>
  <testcase time="0.135" classname="org.projekt.multimediaplayer.test.persistence.ScheduleTest" name="runTests">
    <error message="not-null property references a null or transient value: org.projekt.multimediaplayer.model.Schedule.user; nested exception is org.hibernate.PropertyValueException: not-null property references a null or transient value: org.projekt.multimediaplayer.model.Schedule.user" type="org.springframework.dao.DataIntegrityViolationException">org.springframework.dao.DataIntegrityViolationException: not-null property references a null or transient value: org.projekt.multimediaplayer.model.Schedule.user; nested exception is org.hibernate.PropertyValueException: not-null property references a null or transient value: org.projekt.multimediaplayer.model.Schedule.user
	at org.springframework.orm.hibernate3.SessionFactoryUtils.convertHibernateAccessException(SessionFactoryUtils.java:648)
	at org.springframework.orm.hibernate3.HibernateAccessor.convertHibernateAccessException(HibernateAccessor.java:412)
	at org.springframework.orm.hibernate3.HibernateTemplate.doExecute(HibernateTemplate.java:411)
	at org.springframework.orm.hibernate3.HibernateTemplate.executeWithNativeSession(HibernateTemplate.java:374)
	at org.springframework.orm.hibernate3.HibernateTemplate.save(HibernateTemplate.java:683)
	at org.projekt.multimediaplayer.dao.ScheduleDaoImpl.saveSchedule(ScheduleDaoImpl.java:12)
	at org.projekt.multimediaplayer.test.persistence.ScheduleTest.runTests(ScheduleTest.java:32)
	at sun.reflect.NativeMethodAccessorImpl.invoke0(Native Method)
	at sun.reflect.NativeMethodAccessorImpl.invoke(Unknown Source)
	at sun.reflect.DelegatingMethodAccessorImpl.invoke(Unknown Source)
	at java.lang.reflect.Method.invoke(Unknown Source)
	at org.junit.runners.model.FrameworkMethod$1.runReflectiveCall(FrameworkMethod.java:44)
	at org.junit.internal.runners.model.ReflectiveCallable.run(ReflectiveCallable.java:15)
	at org.junit.runners.model.FrameworkMethod.invokeExplosively(FrameworkMethod.java:41)
	at org.junit.internal.runners.statements.InvokeMethod.evaluate(InvokeMethod.java:20)
	at org.junit.internal.runners.statements.RunBefores.evaluate(RunBefores.java:28)
	at org.junit.internal.runners.statements.RunAfters.evaluate(RunAfters.java:31)
	at org.junit.runners.BlockJUnit4ClassRunner.runChild(BlockJUnit4ClassRunner.java:76)
	at org.junit.runners.BlockJUnit4ClassRunner.runChild(BlockJUnit4ClassRunner.java:50)
	at org.junit.runners.ParentRunner$3.run(ParentRunner.java:193)
	at org.junit.runners.ParentRunner$1.schedule(ParentRunner.java:52)
	at org.junit.runners.ParentRunner.runChildren(ParentRunner.java:191)
	at org.junit.runners.ParentRunner.access$000(ParentRunner.java:42)
	at org.junit.runners.ParentRunner$2.evaluate(ParentRunner.java:184)
	at org.junit.runners.ParentRunner.run(ParentRunner.java:236)
	at org.apache.maven.surefire.junit4.JUnit4TestSet.execute(JUnit4TestSet.java:53)
	at org.apache.maven.surefire.junit4.JUnit4Provider.executeTestSet(JUnit4Provider.java:123)
	at org.apache.maven.surefire.junit4.JUnit4Provider.invoke(JUnit4Provider.java:104)
	at sun.reflect.NativeMethodAccessorImpl.invoke0(Native Method)
	at sun.reflect.NativeMethodAccessorImpl.invoke(Unknown Source)
	at sun.reflect.DelegatingMethodAccessorImpl.invoke(Unknown Source)
	at java.lang.reflect.Method.invoke(Unknown Source)
	at org.apache.maven.surefire.util.ReflectionUtils.invokeMethodWithArray(ReflectionUtils.java:164)
	at org.apache.maven.surefire.booter.ProviderFactory$ProviderProxy.invoke(ProviderFactory.java:110)
	at org.apache.maven.surefire.booter.SurefireStarter.invokeProvider(SurefireStarter.java:175)
	at org.apache.maven.surefire.booter.SurefireStarter.runSuitesInProcessWhenForked(SurefireStarter.java:107)
	at org.apache.maven.surefire.booter.ForkedBooter.main(ForkedBooter.java:68)
Caused by: org.hibernate.PropertyValueException: not-null property references a null or transient value: org.projekt.multimediaplayer.model.Schedule.user
	at org.hibernate.engine.Nullability.checkNullability(Nullability.java:72)
	at org.hibernate.event.def.AbstractSaveEventListener.performSaveOrReplicate(AbstractSaveEventListener.java:290)
	at org.hibernate.event.def.AbstractSaveEventListener.performSave(AbstractSaveEventListener.java:181)
	at org.hibernate.event.def.AbstractSaveEventListener.saveWithGeneratedId(AbstractSaveEventListener.java:107)
	at org.hibernate.event.def.DefaultSaveOrUpdateEventListener.saveWithGeneratedOrRequestedId(DefaultSaveOrUpdateEventListener.java:187)
	at org.hibernate.event.def.DefaultSaveEventListener.saveWithGeneratedOrRequestedId(DefaultSaveEventListener.java:33)
	at org.hibernate.event.def.DefaultSaveOrUpdateEventListener.entityIsTransient(DefaultSaveOrUpdateEventListener.java:172)
	at org.hibernate.event.def.DefaultSaveEventListener.performSaveOrUpdate(DefaultSaveEventListener.java:27)
	at org.hibernate.event.def.DefaultSaveOrUpdateEventListener.onSaveOrUpdate(DefaultSaveOrUpdateEventListener.java:70)
	at org.hibernate.impl.SessionImpl.fireSave(SessionImpl.java:535)
	at org.hibernate.impl.SessionImpl.save(SessionImpl.java:523)
	at org.hibernate.impl.SessionImpl.save(SessionImpl.java:519)
	at org.springframework.orm.hibernate3.HibernateTemplate$12.doInHibernate(HibernateTemplate.java:686)
	at org.springframework.orm.hibernate3.HibernateTemplate$12.doInHibernate(HibernateTemplate.java:1)
	at org.springframework.orm.hibernate3.HibernateTemplate.doExecute(HibernateTemplate.java:406)
	... 34 more
</error>
    <system-out>Starting Schedule model class unit test...
Setting up example Schedule object for test named testSchedule
Saving testSchedule to database
Removing testSchedule from database
Ending Schedule model class unit test...
</system-out>
    <system-err>lis 24, 2012 5:49:31 PM org.springframework.context.support.AbstractApplicationContext prepareRefresh
INFO: Refreshing org.springframework.context.support.ClassPathXmlApplicationContext@17e84b: startup date [Sat Nov 24 17:49:31 CET 2012]; root of context hierarchy
lis 24, 2012 5:49:31 PM org.springframework.beans.factory.xml.XmlBeanDefinitionReader loadBeanDefinitions
INFO: Loading XML bean definitions from class path resource [application-context.xml]
lis 24, 2012 5:49:32 PM org.springframework.beans.factory.support.DefaultListableBeanFactory preInstantiateSingletons
INFO: Pre-instantiating singletons in org.springframework.beans.factory.support.DefaultListableBeanFactory@59a0dd: defining beans [dataSource,sessionFactory,userDao,scheduleDao,multimediaFileDao]; root of factory hierarchy
lis 24, 2012 5:49:32 PM org.hibernate.cfg.HbmBinder bindRootPersistentClassCommonValues
INFO: Mapping class: org.projekt.multimediaplayer.model.User -&gt; USER
lis 24, 2012 5:49:32 PM org.hibernate.cfg.HbmBinder bindRootPersistentClassCommonValues
INFO: Mapping class: org.projekt.multimediaplayer.model.Schedule -&gt; SCHEDULE
lis 24, 2012 5:49:32 PM org.hibernate.cfg.HbmBinder bindRootPersistentClassCommonValues
INFO: Mapping class: org.projekt.multimediaplayer.model.MultimediaFile -&gt; MULTIMEDIA_FILE
lis 24, 2012 5:49:32 PM org.hibernate.cfg.HbmBinder bindCollectionSecondPass
INFO: Mapping collection: org.projekt.multimediaplayer.model.User.userSchedules -&gt; SCHEDULE
lis 24, 2012 5:49:32 PM org.hibernate.cfg.HbmBinder bindCollectionSecondPass
INFO: Mapping collection: org.projekt.multimediaplayer.model.Schedule.scheduleMultimediaFiles -&gt; MULTIMEDIA_FILE
lis 24, 2012 5:49:32 PM org.springframework.orm.hibernate3.LocalSessionFactoryBean buildSessionFactory
INFO: Building new Hibernate SessionFactory
lis 24, 2012 5:49:32 PM org.hibernate.connection.ConnectionProviderFactory newConnectionProvider
INFO: Initializing connection provider: org.springframework.orm.hibernate3.LocalDataSourceConnectionProvider
lis 24, 2012 5:49:32 PM org.hibernate.cfg.SettingsFactory buildSettings
INFO: RDBMS: SQLite, version: 3.7.2
lis 24, 2012 5:49:32 PM org.hibernate.cfg.SettingsFactory buildSettings
INFO: JDBC driver: SQLiteJDBC, version: native
lis 24, 2012 5:49:32 PM org.hibernate.dialect.Dialect &lt;init&gt;
INFO: Using dialect: com.applerao.hibernatesqlite.dialect.SQLiteDialect
lis 24, 2012 5:49:32 PM org.hibernate.transaction.TransactionFactoryFactory buildTransactionFactory
INFO: Transaction strategy: org.springframework.orm.hibernate3.SpringTransactionFactory
lis 24, 2012 5:49:32 PM org.hibernate.transaction.TransactionManagerLookupFactory getTransactionManagerLookup
INFO: No TransactionManagerLookup configured (in JTA environment, use of read-write or transactional second-level cache is not recommended)
lis 24, 2012 5:49:32 PM org.hibernate.cfg.SettingsFactory buildSettings
INFO: Automatic flush during beforeCompletion(): disabled
lis 24, 2012 5:49:32 PM org.hibernate.cfg.SettingsFactory buildSettings
INFO: Automatic session close at end of transaction: disabled
lis 24, 2012 5:49:32 PM org.hibernate.cfg.SettingsFactory buildSettings
INFO: Scrollable result sets: disabled
lis 24, 2012 5:49:32 PM org.hibernate.cfg.SettingsFactory buildSettings
INFO: JDBC3 getGeneratedKeys(): disabled
lis 24, 2012 5:49:32 PM org.hibernate.cfg.SettingsFactory buildSettings
INFO: Connection release mode: auto
lis 24, 2012 5:49:32 PM org.hibernate.cfg.SettingsFactory buildSettings
INFO: Default batch fetch size: 1
lis 24, 2012 5:49:32 PM org.hibernate.cfg.SettingsFactory buildSettings
INFO: Generate SQL with comments: disabled
lis 24, 2012 5:49:32 PM org.hibernate.cfg.SettingsFactory buildSettings
INFO: Order SQL updates by primary key: disabled
lis 24, 2012 5:49:32 PM org.hibernate.cfg.SettingsFactory buildSettings
INFO: Order SQL inserts for batching: disabled
lis 24, 2012 5:49:32 PM org.hibernate.cfg.SettingsFactory createQueryTranslatorFactory
INFO: Query translator: org.hibernate.hql.ast.ASTQueryTranslatorFactory
lis 24, 2012 5:49:32 PM org.hibernate.hql.ast.ASTQueryTranslatorFactory &lt;init&gt;
INFO: Using ASTQueryTranslatorFactory
lis 24, 2012 5:49:32 PM org.hibernate.cfg.SettingsFactory buildSettings
INFO: Query language substitutions: {}
lis 24, 2012 5:49:32 PM org.hibernate.cfg.SettingsFactory buildSettings
INFO: JPA-QL strict compliance: disabled
lis 24, 2012 5:49:32 PM org.hibernate.cfg.SettingsFactory buildSettings
INFO: Second-level cache: enabled
lis 24, 2012 5:49:32 PM org.hibernate.cfg.SettingsFactory buildSettings
INFO: Query cache: disabled
lis 24, 2012 5:49:32 PM org.hibernate.cfg.SettingsFactory createCacheProvider
INFO: Cache provider: org.hibernate.cache.NoCacheProvider
lis 24, 2012 5:49:32 PM org.hibernate.cfg.SettingsFactory buildSettings
INFO: Optimize cache for minimal puts: disabled
lis 24, 2012 5:49:32 PM org.hibernate.cfg.SettingsFactory buildSettings
INFO: Structured second-level cache entries: disabled
lis 24, 2012 5:49:32 PM org.hibernate.cfg.SettingsFactory buildSettings
INFO: Statistics: disabled
lis 24, 2012 5:49:32 PM org.hibernate.cfg.SettingsFactory buildSettings
INFO: Deleted entity synthetic identifier rollback: disabled
lis 24, 2012 5:49:32 PM org.hibernate.cfg.SettingsFactory buildSettings
INFO: Default entity-mode: pojo
lis 24, 2012 5:49:32 PM org.hibernate.cfg.SettingsFactory buildSettings
INFO: Named query checking : enabled
lis 24, 2012 5:49:32 PM org.hibernate.impl.SessionFactoryImpl &lt;init&gt;
INFO: building session factory
lis 24, 2012 5:49:32 PM org.hibernate.impl.SessionFactoryObjectFactory addInstance
INFO: Not binding factory to JNDI, no JNDI name configured
lis 24, 2012 5:49:32 PM org.hibernate.event.def.DefaultDeleteEventListener deleteTransientEntity
INFO: handling transient entity in delete processing
</system-err>
  </testcase>
</testsuite>