# JRE version: 7.0_09-b05
# Java VM: Java HotSpot(TM) Client VM (23.5-b02 mixed mode, sharing windows-x86 )
Heap
 def new generation   total 4928K, used 4928K [0x23a40000, 0x23f90000, 0x28f90000)
  eden space 4416K, 100% used [0x23a40000, 0x23e90000, 0x23e90000)
  from space 512K, 100% used [0x23e90000, 0x23f10000, 0x23f10000)
  to   space 512K,  24% used [0x23f10000, 0x23f2f6c8, 0x23f90000)
 tenured generation   total 10944K, used 2982K [0x28f90000, 0x29a40000, 0x33a40000)
   the space 10944K,  27% used [0x28f90000, 0x29279af0, 0x29279c00, 0x29a40000)
 compacting perm gen  total 12288K, used 5570K [0x33a40000, 0x34640000, 0x37a40000)
   the space 12288K,  45% used [0x33a40000, 0x33fb0aa8, 0x33fb0c00, 0x34640000)
    ro space 10240K,  42% used [0x37a40000, 0x37e80348, 0x37e80400, 0x38440000)
    rw space 12288K,  54% used [0x38440000, 0x38ac06f0, 0x38ac0800, 0x39040000)
GC Heap History (10 events):
Event: 0.506 GC heap after
Heap after GC invocations=2 (full 0):
 def new generation   total 4928K, used 511K [0x23a40000, 0x23f90000, 0x28f90000)
  eden space 4416K,   0% used [0x23a40000, 0x23a40000, 0x23e90000)
  from space 512K,  99% used [0x23e90000, 0x23f0fff8, 0x23f10000)
  to   space 512K,   0% used [0x23f10000, 0x23f10000, 0x23f90000)
 tenured generation   total 10944K, used 1102K [0x28f90000, 0x29a40000, 0x33a40000)
   the space 10944K,  10% used [0x28f90000, 0x290a3938, 0x290a3a00, 0x29a40000)
 compacting perm gen  total 12288K, used 1292K [0x33a40000, 0x34640000, 0x37a40000)
   the space 12288K,  10% used [0x33a40000, 0x33b830e8, 0x33b83200, 0x34640000)
    ro space 10240K,  42% used [0x37a40000, 0x37e80348, 0x37e80400, 0x38440000)
    rw space 12288K,  54% used [0x38440000, 0x38ac06f0, 0x38ac0800, 0x39040000)
}
Event: 0.689 GC heap before
{Heap before GC invocations=2 (full 0):
 def new generation   total 4928K, used 4927K [0x23a40000, 0x23f90000, 0x28f90000)
  eden space 4416K, 100% used [0x23a40000, 0x23e90000, 0x23e90000)
  from space 512K,  99% used [0x23e90000, 0x23f0fff8, 0x23f10000)
  to   space 512K,   0% used [0x23f10000, 0x23f10000, 0x23f90000)
 tenured generation   total 10944K, used 1102K [0x28f90000, 0x29a40000, 0x33a40000)
   the space 10944K,  10% used [0x28f90000, 0x290a3938, 0x290a3a00, 0x29a40000)
 compacting perm gen  total 12288K, used 3115K [0x33a40000, 0x34640000, 0x37a40000)
   the space 12288K,  25% used [0x33a40000, 0x33d4afe8, 0x33d4b000, 0x34640000)
    ro space 10240K,  42% used [0x37a40000, 0x37e80348, 0x37e80400, 0x38440000)
    rw space 12288K,  54% used [0x38440000, 0x38ac06f0, 0x38ac0800, 0x39040000)
Event: 0.694 GC heap after
Heap after GC invocations=3 (full 0):
 def new generation   total 4928K, used 512K [0x23a40000, 0x23f90000, 0x28f90000)
  eden space 4416K,   0% used [0x23a40000, 0x23a40000, 0x23e90000)
  from space 512K, 100% used [0x23f10000, 0x23f90000, 0x23f90000)
  to   space 512K,   0% used [0x23e90000, 0x23e90000, 0x23f10000)
 tenured generation   total 10944K, used 1561K [0x28f90000, 0x29a40000, 0x33a40000)
   the space 10944K,  14% used [0x28f90000, 0x291166e0, 0x29116800, 0x29a40000)
 compacting perm gen  total 12288K, used 3115K [0x33a40000, 0x34640000, 0x37a40000)
   the space 12288K,  25% used [0x33a40000, 0x33d4afe8, 0x33d4b000, 0x34640000)
    ro space 10240K,  42% used [0x37a40000, 0x37e80348, 0x37e80400, 0x38440000)
    rw space 12288K,  54% used [0x38440000, 0x38ac06f0, 0x38ac0800, 0x39040000)
}
Event: 0.817 GC heap before
{Heap before GC invocations=3 (full 0):
 def new generation   total 4928K, used 4928K [0x23a40000, 0x23f90000, 0x28f90000)
  eden space 4416K, 100% used [0x23a40000, 0x23e90000, 0x23e90000)
  from space 512K, 100% used [0x23f10000, 0x23f90000, 0x23f90000)
  to   space 512K,   0% used [0x23e90000, 0x23e90000, 0x23f10000)
 tenured generation   total 10944K, used 1561K [0x28f90000, 0x29a40000, 0x33a40000)
   the space 10944K,  14% used [0x28f90000, 0x291166e0, 0x29116800, 0x29a40000)
 compacting perm gen  total 12288K, used 3713K [0x33a40000, 0x34640000, 0x37a40000)
   the space 12288K,  30% used [0x33a40000, 0x33de05f8, 0x33de0600, 0x34640000)
    ro space 10240K,  42% used [0x37a40000, 0x37e80348, 0x37e80400, 0x38440000)
    rw space 12288K,  54% used [0x38440000, 0x38ac06f0, 0x38ac0800, 0x39040000)
Event: 0.823 GC heap after
Heap after GC invocations=4 (full 0):
 def new generation   total 4928K, used 512K [0x23a40000, 0x23f90000, 0x28f90000)
  eden space 4416K,   0% used [0x23a40000, 0x23a40000, 0x23e90000)
  from space 512K, 100% used [0x23e90000, 0x23f10000, 0x23f10000)
  to   space 512K,   0% used [0x23f10000, 0x23f10000, 0x23f90000)
 tenured generation   total 10944K, used 2141K [0x28f90000, 0x29a40000, 0x33a40000)
   the space 10944K,  19% used [0x28f90000, 0x291a7538, 0x291a7600, 0x29a40000)
 compacting perm gen  total 12288K, used 3713K [0x33a40000, 0x34640000, 0x37a40000)
   the space 12288K,  30% used [0x33a40000, 0x33de05f8, 0x33de0600, 0x34640000)
    ro space 10240K,  42% used [0x37a40000, 0x37e80348, 0x37e80400, 0x38440000)
    rw space 12288K,  54% used [0x38440000, 0x38ac06f0, 0x38ac0800, 0x39040000)
}
Event: 0.956 GC heap before
{Heap before GC invocations=4 (full 0):
 def new generation   total 4928K, used 4928K [0x23a40000, 0x23f90000, 0x28f90000)
  eden space 4416K, 100% used [0x23a40000, 0x23e90000, 0x23e90000)
  from space 512K, 100% used [0x23e90000, 0x23f10000, 0x23f10000)
  to   space 512K,   0% used [0x23f10000, 0x23f10000, 0x23f90000)
 tenured generation   total 10944K, used 2141K [0x28f90000, 0x29a40000, 0x33a40000)
   the space 10944K,  19% used [0x28f90000, 0x291a7538, 0x291a7600, 0x29a40000)
 compacting perm gen  total 12288K, used 4249K [0x33a40000, 0x34640000, 0x37a40000)
   the space 12288K,  34% used [0x33a40000, 0x33e664f0, 0x33e66600, 0x34640000)
    ro space 10240K,  42% used [0x37a40000, 0x37e80348, 0x37e80400, 0x38440000)
    rw space 12288K,  54% used [0x38440000, 0x38ac06f0, 0x38ac0800, 0x39040000)
Event: 0.960 GC heap after
Heap after GC invocations=5 (full 0):
 def new generation   total 4928K, used 512K [0x23a40000, 0x23f90000, 0x28f90000)
  eden space 4416K,   0% used [0x23a40000, 0x23a40000, 0x23e90000)
  from space 512K, 100% used [0x23f10000, 0x23f90000, 0x23f90000)
  to   space 512K,   0% used [0x23e90000, 0x23e90000, 0x23f10000)
 tenured generation   total 10944K, used 2476K [0x28f90000, 0x29a40000, 0x33a40000)
   the space 10944K,  22% used [0x28f90000, 0x291fb390, 0x291fb400, 0x29a40000)
 compacting perm gen  total 12288K, used 4249K [0x33a40000, 0x34640000, 0x37a40000)
   the space 12288K,  34% used [0x33a40000, 0x33e664f0, 0x33e66600, 0x34640000)
    ro space 10240K,  42% used [0x37a40000, 0x37e80348, 0x37e80400, 0x38440000)
    rw space 12288K,  54% used [0x38440000, 0x38ac06f0, 0x38ac0800, 0x39040000)
}
Event: 1.100 GC heap before
{Heap before GC invocations=5 (full 0):
 def new generation   total 4928K, used 4928K [0x23a40000, 0x23f90000, 0x28f90000)
  eden space 4416K, 100% used [0x23a40000, 0x23e90000, 0x23e90000)
  from space 512K, 100% used [0x23f10000, 0x23f90000, 0x23f90000)
  to   space 512K,   0% used [0x23e90000, 0x23e90000, 0x23f10000)
 tenured generation   total 10944K, used 2476K [0x28f90000, 0x29a40000, 0x33a40000)
   the space 10944K,  22% used [0x28f90000, 0x291fb390, 0x291fb400, 0x29a40000)
 compacting perm gen  total 12288K, used 4998K [0x33a40000, 0x34640000, 0x37a40000)
   the space 12288K,  40% used [0x33a40000, 0x33f21a50, 0x33f21c00, 0x34640000)
    ro space 10240K,  42% used [0x37a40000, 0x37e80348, 0x37e80400, 0x38440000)
    rw space 12288K,  54% used [0x38440000, 0x38ac06f0, 0x38ac0800, 0x39040000)
Event: 1.105 GC heap after
Heap after GC invocations=6 (full 0):
 def new generation   total 4928K, used 512K [0x23a40000, 0x23f90000, 0x28f90000)
  eden space 4416K,   0% used [0x23a40000, 0x23a40000, 0x23e90000)
  from space 512K, 100% used [0x23e90000, 0x23f10000, 0x23f10000)
  to   space 512K,   0% used [0x23f10000, 0x23f10000, 0x23f90000)
 tenured generation   total 10944K, used 2908K [0x28f90000, 0x29a40000, 0x33a40000)
   the space 10944K,  26% used [0x28f90000, 0x29267288, 0x29267400, 0x29a40000)
 compacting perm gen  total 12288K, used 4998K [0x33a40000, 0x34640000, 0x37a40000)
   the space 12288K,  40% used [0x33a40000, 0x33f21a50, 0x33f21c00, 0x34640000)
    ro space 10240K,  42% used [0x37a40000, 0x37e80348, 0x37e80400, 0x38440000)
    rw space 12288K,  54% used [0x38440000, 0x38ac06f0, 0x38ac0800, 0x39040000)
}
Event: 1.248 GC heap before
{Heap before GC invocations=6 (full 0):
 def new generation   total 4928K, used 4928K [0x23a40000, 0x23f90000, 0x28f90000)
  eden space 4416K, 100% used [0x23a40000, 0x23e90000, 0x23e90000)
  from space 512K, 100% used [0x23e90000, 0x23f10000, 0x23f10000)
  to   space 512K,   0% used [0x23f10000, 0x23f10000, 0x23f90000)
 tenured generation   total 10944K, used 2908K [0x28f90000, 0x29a40000, 0x33a40000)
   the space 10944K,  26% used [0x28f90000, 0x29267288, 0x29267400, 0x29a40000)
 compacting perm gen  total 12288K, used 5570K [0x33a40000, 0x34640000, 0x37a40000)
   the space 12288K,  45% used [0x33a40000, 0x33fb0aa8, 0x33fb0c00, 0x34640000)
    ro space 10240K,  42% used [0x37a40000, 0x37e80348, 0x37e80400, 0x38440000)
    rw space 12288K,  54% used [0x38440000, 0x38ac06f0, 0x38ac0800, 0x39040000)

